#
# A fatal error has been detected by the Java Runtime Environment:
#
#  EXCEPTION_ACCESS_VIOLATION (0xc0000005) at pc=0x774cdbc6, pid=8516, tid=16024
#
# JRE version: Java(TM) SE Runtime Environment (8.0_05-b13) (build 1.8.0_05-b13)
# Java VM: Java HotSpot(TM) Client VM (25.5-b02 mixed mode, sharing windows-x86 )
# Problematic frame:
# C  [ntdll.dll+0x1dbc6]
#
# Failed to write core dump. Minidumps are not enabled by default on client versions of Windows
#
# If you would like to submit a bug report, please visit:
#   http://bugreport.sun.com/bugreport/crash.jsp
# The crash happened outside the Java Virtual Machine in native code.
# See problematic frame for where to report the bug.
#

---------------  T H R E A D  ---------------

Current thread (0x16de7400):  JavaThread "Thread-10" [_thread_in_native, id=16024, stack(0x193e0000,0x19430000)]

siginfo: ExceptionCode=0xc0000005, writing address 0x00000014

Registers:
EAX=0x00000000, EBX=0x00000a44, ECX=0xfffffffc, EDX=0x00000000
ESP=0x1942eff0, EBP=0x1942f050, ESI=0x1521084c, EDI=0x00000000
EIP=0x774cdbc6, EFLAGS=0x00010213

Top of Stack: (sp=0x1942eff0)
0x1942eff0:   00000000 15210850 1521084c 774eb63c
0x1942f000:   1521084c 00000000 7f456000 00000000
0x1942f010:   00000000 00000000 68bc0838 00000000
0x1942f020:   00000024 00000001 00000000 00000000
0x1942f030:   00000000 00000000 00000000 00000000
0x1942f040:   00000000 ff676980 ffffffff e0aad5b7
0x1942f050:   1942f07c 774cd86b 00000000 68bc0838
0x1942f060:   00000000 00000000 1521084c 00000001 

Instructions: (pc=0x774cdbc6)
0x774cdba6:   c2 f0 0f b1 0e 8b 75 b0 3b c2 0f 85 01 69 fe ff
0x774cdbb6:   83 65 c0 00 33 c0 89 45 c4 8b 06 83 f8 ff 74 03
0x774cdbc6:   ff 40 14 b8 82 03 fe 7f 8a 08 84 c9 0f 85 3c 47
0x774cdbd6:   06 00 57 6a 00 83 fb ff 0f 84 7f 47 06 00 53 e8 


Register to memory mapping:

EAX=0x00000000 is an unknown value
EBX=0x00000a44 is an unknown value
ECX=0xfffffffc is an unknown value
EDX=0x00000000 is an unknown value
ESP=0x1942eff0 is pointing into the stack for thread: 0x16de7400
EBP=0x1942f050 is pointing into the stack for thread: 0x16de7400
ESI=0x1521084c is an unknown value
EDI=0x00000000 is an unknown value


Stack: [0x193e0000,0x19430000],  sp=0x1942eff0,  free space=315k
Native frames: (J=compiled Java code, j=interpreted, Vv=VM code, C=native code)
C  [ntdll.dll+0x1dbc6]
C  [ntdll.dll+0x1d86b]
C  [ntdll.dll+0x1d890]
C  [opencv_highgui248.dll+0x1372b]
C  [opencv_highgui248.dll+0x144c0]
C  [jniopencv_highgui.dll+0x5a6d]
j  com.googlecode.javacv.cpp.opencv_highgui.cvRetrieveFrame(Lcom/googlecode/javacv/cpp/opencv_highgui$CvCapture;I)Lcom/googlecode/javacv/cpp/opencv_core$IplImage;+0
j  com.googlecode.javacv.cpp.opencv_highgui.cvRetrieveFrame(Lcom/googlecode/javacv/cpp/opencv_highgui$CvCapture;)Lcom/googlecode/javacv/cpp/opencv_core$IplImage;+2
j  com.googlecode.javacv.OpenCVFrameGrabber.grab()Lcom/googlecode/javacv/cpp/opencv_core$IplImage;+4
j  com.issatso.multimediatools.gui.PictureCapture$WebcamThread.run()V+53
v  ~StubRoutines::call_stub
V  [jvm.dll+0x142285]
V  [jvm.dll+0x2070be]
V  [jvm.dll+0x14231e]
V  [jvm.dll+0x1424a6]
V  [jvm.dll+0x142517]
V  [jvm.dll+0xede0f]
V  [jvm.dll+0x1645fc]
V  [jvm.dll+0x164e8a]
V  [jvm.dll+0x1a9186]
C  [msvcr100.dll+0x5c556]
C  [msvcr100.dll+0x5c600]
C  [KERNEL32.DLL+0x1a534]
C  [ntdll.dll+0x48f8b]
C  [ntdll.dll+0x48f61]

Java frames: (J=compiled Java code, j=interpreted, Vv=VM code)
j  com.googlecode.javacv.cpp.opencv_highgui.cvRetrieveFrame(Lcom/googlecode/javacv/cpp/opencv_highgui$CvCapture;I)Lcom/googlecode/javacv/cpp/opencv_core$IplImage;+0
j  com.googlecode.javacv.cpp.opencv_highgui.cvRetrieveFrame(Lcom/googlecode/javacv/cpp/opencv_highgui$CvCapture;)Lcom/googlecode/javacv/cpp/opencv_core$IplImage;+2
j  com.googlecode.javacv.OpenCVFrameGrabber.grab()Lcom/googlecode/javacv/cpp/opencv_core$IplImage;+4
j  com.issatso.multimediatools.gui.PictureCapture$WebcamThread.run()V+53
v  ~StubRoutines::call_stub

---------------  P R O C E S S  ---------------

Java Threads: ( => current thread )
=>0x16de7400 JavaThread "Thread-10" [_thread_in_native, id=16024, stack(0x193e0000,0x19430000)]
  0x16dea000 JavaThread "Java Sound Event Dispatcher" daemon [_thread_blocked, id=11048, stack(0x1a010000,0x1a060000)]
  0x16b23c00 JavaThread "Thread-8" daemon [_thread_blocked, id=13764, stack(0x19d50000,0x19da0000)]
  0x1535d000 JavaThread "TimerQueue" daemon [_thread_blocked, id=12368, stack(0x16130000,0x16180000)]
  0x16b57c00 JavaThread "Thread-3" [_thread_in_native, id=14580, stack(0x160a0000,0x160f0000)]
  0x0098d000 JavaThread "DestroyJavaVM" [_thread_blocked, id=6392, stack(0x006d0000,0x00720000)]
  0x15292000 JavaThread "AWT-EventQueue-0" [_thread_blocked, id=12372, stack(0x155b0000,0x15600000)]
  0x1527a800 JavaThread "AWT-Windows" daemon [_thread_in_native, id=7268, stack(0x154d0000,0x15520000)]
  0x15279800 JavaThread "AWT-Shutdown" [_thread_blocked, id=12232, stack(0x15440000,0x15490000)]
  0x15278c00 JavaThread "Java2D Disposer" daemon [_thread_blocked, id=4152, stack(0x153b0000,0x15400000)]
  0x008e8000 JavaThread "Service Thread" daemon [_thread_blocked, id=15492, stack(0x15090000,0x150e0000)]
  0x008ba000 JavaThread "C1 CompilerThread0" daemon [_thread_blocked, id=13540, stack(0x15000000,0x15050000)]
  0x008b8c00 JavaThread "Attach Listener" daemon [_thread_blocked, id=9404, stack(0x14fb0000,0x15000000)]
  0x008b7400 JavaThread "Signal Dispatcher" daemon [_thread_blocked, id=13232, stack(0x14930000,0x14980000)]
  0x008ac400 JavaThread "Finalizer" daemon [_thread_in_native, id=16088, stack(0x148a0000,0x148f0000)]
  0x008a6800 JavaThread "Reference Handler" daemon [_thread_blocked, id=18088, stack(0x04390000,0x043e0000)]

Other Threads:
  0x008a4400 VMThread [stack: 0x022d0000,0x02320000] [id=16540]
  0x008ecc00 WatcherThread [stack: 0x15120000,0x15170000] [id=8624]

VM state:not at safepoint (normal execution)

VM Mutex/Monitor currently owned by a thread: None

Heap:
 def new generation   total 18624K, used 1041K [0x04400000, 0x05830000, 0x09950000)
  eden space 16576K,   6% used [0x04400000, 0x045046e8, 0x05430000)
  from space 2048K,   0% used [0x05430000, 0x05430000, 0x05630000)
  to   space 2048K,   0% used [0x05630000, 0x05630000, 0x05830000)
 tenured generation   total 41216K, used 24728K [0x09950000, 0x0c190000, 0x14400000)
   the space 41216K,  59% used [0x09950000, 0x0b176350, 0x0b176400, 0x0c190000)
 Metaspace       used 2981K, capacity 3371K, committed 3392K, reserved 4480K

Card table byte_map: [0x021e0000,0x02270000] byte_map_base: 0x021be000

Polling page: 0x00720000

CodeCache: size=32768Kb used=2096Kb max_used=2096Kb free=30671Kb
 bounds [0x02350000, 0x02560000, 0x04350000]
 total_blobs=1212 nmethods=956 adapters=187
 compilation: enabled

Compilation events (10 events):
Event: 91.046 Thread 0x008ba000  952             sun.java2d.pipe.DrawImage::blitSurfaceData (145 bytes)
Event: 91.046 Thread 0x008ba000 nmethod 952 0x0255a708 code [0x0255a880, 0x0255ac40]
Event: 101.497 Thread 0x008ba000  953             java.awt.image.PixelInterleavedSampleModel::<init> (137 bytes)
Event: 101.498 Thread 0x008ba000 nmethod 953 0x0255b108 code [0x0255b240, 0x0255b4d0]
Event: 102.772 Thread 0x008ba000  954             sun.java2d.pipe.Region::getInstanceXYXY (12 bytes)
Event: 102.772 Thread 0x008ba000 nmethod 954 0x0255b748 code [0x0255b840, 0x0255b910]
Event: 103.752 Thread 0x008ba000  955             java.awt.image.ComponentSampleModel::getBufferSize (191 bytes)
Event: 103.753 Thread 0x008ba000 nmethod 955 0x0255b988 code [0x0255bae0, 0x0255be8c]
Event: 105.198 Thread 0x008ba000  956             javax.swing.JLabel::getUIClassID (3 bytes)
Event: 105.199 Thread 0x008ba000 nmethod 956 0x0255c108 code [0x0255c200, 0x0255c280]

GC Heap History (10 events):
Event: 103.048 GC heap before
{Heap before GC invocations=83 (full 8):
 def new generation   total 11584K, used 10854K [0x04400000, 0x05090000, 0x09950000)
  eden space 10304K,  96% used [0x04400000, 0x04db80a0, 0x04e10000)
  from space 1280K,  70% used [0x04f50000, 0x050317d8, 0x05090000)
  to   space 1280K,   0% used [0x04e10000, 0x04e10000, 0x04f50000)
 tenured generation   total 25588K, used 23170K [0x09950000, 0x0b24d000, 0x14400000)
   the space 25588K,  90% used [0x09950000, 0x0aff0aa8, 0x0aff0c00, 0x0b24d000)
 Metaspace       used 2981K, capacity 3371K, committed 3392K, reserved 4480K
Event: 103.049 GC heap after
Heap after GC invocations=84 (full 8):
 def new generation   total 11584K, used 902K [0x04400000, 0x05090000, 0x09950000)
  eden space 10304K,   0% used [0x04400000, 0x04400000, 0x04e10000)
  from space 1280K,  70% used [0x04e10000, 0x04ef19d0, 0x04f50000)
  to   space 1280K,   0% used [0x04f50000, 0x04f50000, 0x05090000)
 tenured generation   total 25588K, used 23170K [0x09950000, 0x0b24d000, 0x14400000)
   the space 25588K,  90% used [0x09950000, 0x0aff0af8, 0x0aff0c00, 0x0b24d000)
 Metaspace       used 2981K, capacity 3371K, committed 3392K, reserved 4480K
}
Event: 104.456 GC heap before
{Heap before GC invocations=84 (full 8):
 def new generation   total 11584K, used 10439K [0x04400000, 0x05090000, 0x09950000)
  eden space 10304K,  92% used [0x04400000, 0x04d504d0, 0x04e10000)
  from space 1280K,  70% used [0x04e10000, 0x04ef19d0, 0x04f50000)
  to   space 1280K,   0% used [0x04f50000, 0x04f50000, 0x05090000)
 tenured generation   total 25588K, used 23170K [0x09950000, 0x0b24d000, 0x14400000)
   the space 25588K,  90% used [0x09950000, 0x0aff0af8, 0x0aff0c00, 0x0b24d000)
 Metaspace       used 2981K, capacity 3371K, committed 3392K, reserved 4480K
Event: 104.457 GC heap after
Heap after GC invocations=85 (full 8):
 def new generation   total 11584K, used 942K [0x04400000, 0x05090000, 0x09950000)
  eden space 10304K,   0% used [0x04400000, 0x04400000, 0x04e10000)
  from space 1280K,  73% used [0x04f50000, 0x0503b8b0, 0x05090000)
  to   space 1280K,   0% used [0x04e10000, 0x04e10000, 0x04f50000)
 tenured generation   total 25588K, used 23171K [0x09950000, 0x0b24d000, 0x14400000)
   the space 25588K,  90% used [0x09950000, 0x0aff0d40, 0x0aff0e00, 0x0b24d000)
 Metaspace       used 2981K, capacity 3371K, committed 3392K, reserved 4480K
}
Event: 105.304 GC heap before
{Heap before GC invocations=85 (full 8):
 def new generation   total 11584K, used 10999K [0x04400000, 0x05090000, 0x09950000)
  eden space 10304K,  97% used [0x04400000, 0x04dd23e8, 0x04e10000)
  from space 1280K,  73% used [0x04f50000, 0x0503b8b0, 0x05090000)
  to   space 1280K,   0% used [0x04e10000, 0x04e10000, 0x04f50000)
 tenured generation   total 25588K, used 23171K [0x09950000, 0x0b24d000, 0x14400000)
   the space 25588K,  90% used [0x09950000, 0x0aff0d40, 0x0aff0e00, 0x0b24d000)
 Metaspace       used 2981K, capacity 3371K, committed 3392K, reserved 4480K
Event: 105.307 GC heap after
Heap after GC invocations=86 (full 8):
 def new generation   total 11584K, used 917K [0x04400000, 0x05090000, 0x09950000)
  eden space 10304K,   0% used [0x04400000, 0x04400000, 0x04e10000)
  from space 1280K,  71% used [0x04e10000, 0x04ef5458, 0x04f50000)
  to   space 1280K,   0% used [0x04f50000, 0x04f50000, 0x05090000)
 tenured generation   total 25588K, used 25011K [0x09950000, 0x0b24d000, 0x14400000)
   the space 25588K,  97% used [0x09950000, 0x0b1bce20, 0x0b1bd000, 0x0b24d000)
 Metaspace       used 2981K, capacity 3371K, committed 3392K, reserved 4480K
}
Event: 106.152 GC heap before
{Heap before GC invocations=86 (full 8):
 def new generation   total 11584K, used 10939K [0x04400000, 0x05090000, 0x09950000)
  eden space 10304K,  97% used [0x04400000, 0x04dc98f8, 0x04e10000)
  from space 1280K,  71% used [0x04e10000, 0x04ef5458, 0x04f50000)
  to   space 1280K,   0% used [0x04f50000, 0x04f50000, 0x05090000)
 tenured generation   total 25588K, used 25011K [0x09950000, 0x0b24d000, 0x14400000)
   the space 25588K,  97% used [0x09950000, 0x0b1bce20, 0x0b1bd000, 0x0b24d000)
 Metaspace       used 2981K, capacity 3371K, committed 3392K, reserved 4480K
Event: 106.153 GC heap after
Heap after GC invocations=87 (full 8):
 def new generation   total 11584K, used 916K [0x04400000, 0x05090000, 0x09950000)
  eden space 10304K,   0% used [0x04400000, 0x04400000, 0x04e10000)
  from space 1280K,  71% used [0x04f50000, 0x05035078, 0x05090000)
  to   space 1280K,   0% used [0x04e10000, 0x04e10000, 0x04f50000)
 tenured generation   total 25588K, used 25026K [0x09950000, 0x0b24d000, 0x14400000)
   the space 25588K,  97% used [0x09950000, 0x0b1c0970, 0x0b1c0a00, 0x0b24d000)
 Metaspace       used 2981K, capacity 3371K, committed 3392K, reserved 4480K
}
Event: 106.872 GC heap before
{Heap before GC invocations=87 (full 8):
 def new generation   total 11584K, used 10872K [0x04400000, 0x05090000, 0x09950000)
  eden space 10304K,  96% used [0x04400000, 0x04db92c0, 0x04e10000)
  from space 1280K,  71% used [0x04f50000, 0x05035078, 0x05090000)
  to   space 1280K,   0% used [0x04e10000, 0x04e10000, 0x04f50000)
 tenured generation   total 25588K, used 25026K [0x09950000, 0x0b24d000, 0x14400000)
   the space 25588K,  97% used [0x09950000, 0x0b1c0970, 0x0b1c0a00, 0x0b24d000)
 Metaspace       used 2981K, capacity 3371K, committed 3392K, reserved 4480K
Event: 106.922 GC heap after
Heap after GC invocations=88 (full 9):
 def new generation   total 18624K, used 0K [0x04400000, 0x05830000, 0x09950000)
  eden space 16576K,   0% used [0x04400000, 0x04400000, 0x05430000)
  from space 2048K,   0% used [0x05430000, 0x05430000, 0x05630000)
  to   space 2048K,   0% used [0x05630000, 0x05630000, 0x05830000)
 tenured generation   total 41216K, used 24728K [0x09950000, 0x0c190000, 0x14400000)
   the space 41216K,  59% used [0x09950000, 0x0b176350, 0x0b176400, 0x0c190000)
 Metaspace       used 2981K, capacity 3371K, committed 3392K, reserved 4480K
}

Deoptimization events (0 events):
No events

Internal exceptions (10 events):
Event: 46.901 Thread 0x151f9800 Exception <a 'java/security/PrivilegedActionException'> (0x04c5d088) thrown at [D:\re\workspace\8-2-build-windows-i586-cygwin\jdk8u5\2488\hotspot\src\share\vm\prims\jvm.cpp, line 1248]
Event: 46.901 Thread 0x151f9800 Exception <a 'java/security/PrivilegedActionException'> (0x04c6fc50) thrown at [D:\re\workspace\8-2-build-windows-i586-cygwin\jdk8u5\2488\hotspot\src\share\vm\prims\jvm.cpp, line 1248]
Event: 46.905 Thread 0x151f9800 Exception <a 'java/security/PrivilegedActionException'> (0x04c8c980) thrown at [D:\re\workspace\8-2-build-windows-i586-cygwin\jdk8u5\2488\hotspot\src\share\vm\prims\jvm.cpp, line 1248]
Event: 46.905 Thread 0x151f9800 Exception <a 'java/security/PrivilegedActionException'> (0x04c91830) thrown at [D:\re\workspace\8-2-build-windows-i586-cygwin\jdk8u5\2488\hotspot\src\share\vm\prims\jvm.cpp, line 1248]
Event: 46.906 Thread 0x151f9800 Exception <a 'java/security/PrivilegedActionException'> (0x04c97e48) thrown at [D:\re\workspace\8-2-build-windows-i586-cygwin\jdk8u5\2488\hotspot\src\share\vm\prims\jvm.cpp, line 1248]
Event: 46.907 Thread 0x151f9800 Exception <a 'java/security/PrivilegedActionException'> (0x04c9cde8) thrown at [D:\re\workspace\8-2-build-windows-i586-cygwin\jdk8u5\2488\hotspot\src\share\vm\prims\jvm.cpp, line 1248]
Event: 46.907 Thread 0x151f9800 Exception <a 'java/security/PrivilegedActionException'> (0x04ca19d0) thrown at [D:\re\workspace\8-2-build-windows-i586-cygwin\jdk8u5\2488\hotspot\src\share\vm\prims\jvm.cpp, line 1248]
Event: 46.909 Thread 0x151f9800 Exception <a 'java/security/PrivilegedActionException'> (0x04cae190) thrown at [D:\re\workspace\8-2-build-windows-i586-cygwin\jdk8u5\2488\hotspot\src\share\vm\prims\jvm.cpp, line 1248]
Event: 46.911 Thread 0x16b23c00 Exception <a 'java/security/PrivilegedActionException'> (0x04ccab50) thrown at [D:\re\workspace\8-2-build-windows-i586-cygwin\jdk8u5\2488\hotspot\src\share\vm\prims\jvm.cpp, line 1248]
Event: 47.036 Thread 0x16b23c00 Exception <a 'java/security/PrivilegedActionException'> (0x04dccb40) thrown at [D:\re\workspace\8-2-build-windows-i586-cygwin\jdk8u5\2488\hotspot\src\share\vm\prims\jvm.cpp, line 1248]

Events (10 events):
Event: 104.456 Executing VM operation: GenCollectForAllocation
Event: 104.457 Executing VM operation: GenCollectForAllocation done
Event: 104.766 Executing VM operation: RevokeBias
Event: 104.766 Executing VM operation: RevokeBias done
Event: 105.304 Executing VM operation: GenCollectForAllocation
Event: 105.307 Executing VM operation: GenCollectForAllocation done
Event: 106.152 Executing VM operation: GenCollectForAllocation
Event: 106.153 Executing VM operation: GenCollectForAllocation done
Event: 106.872 Executing VM operation: GenCollectForAllocation
Event: 106.922 Executing VM operation: GenCollectForAllocation done


Dynamic libraries:
0x00d30000 - 0x00d60000 	C:\Program Files (x86)\Java\jdk1.8.0_05\bin\java.exe
0x774b0000 - 0x77618000 	C:\Windows\SYSTEM32\ntdll.dll
0x75110000 - 0x75250000 	C:\Windows\SYSTEM32\KERNEL32.DLL
0x768f0000 - 0x769bf000 	C:\Windows\SYSTEM32\KERNELBASE.dll
0x735e0000 - 0x7367a000 	C:\Windows\system32\apphelp.dll
0x764d0000 - 0x76547000 	C:\Windows\SYSTEM32\ADVAPI32.dll
0x769c0000 - 0x76b10000 	C:\Windows\SYSTEM32\USER32.dll
0x73060000 - 0x73245000 	C:\Windows\WinSxS\x86_microsoft.windows.common-controls_6595b64144ccf1df_6.0.9600.16384_none_a9f4965301334e09\COMCTL32.dll
0x76c80000 - 0x76d3e000 	C:\Windows\SYSTEM32\msvcrt.dll
0x74f90000 - 0x74fce000 	C:\Windows\SYSTEM32\sechost.dll
0x771e0000 - 0x77291000 	C:\Windows\SYSTEM32\RPCRT4.dll
0x76f80000 - 0x77088000 	C:\Windows\SYSTEM32\GDI32.dll
0x74ee0000 - 0x74efd000 	C:\Windows\SYSTEM32\SspiCli.dll
0x74ed0000 - 0x74ed9000 	C:\Windows\SYSTEM32\CRYPTBASE.dll
0x74e70000 - 0x74ec1000 	C:\Windows\SYSTEM32\bcryptPrimitives.dll
0x772a0000 - 0x772c5000 	C:\Windows\system32\IMM32.DLL
0x75010000 - 0x75107000 	C:\Windows\SYSTEM32\MSCTF.dll
0x6d780000 - 0x6d83f000 	C:\Program Files (x86)\Java\jdk1.8.0_05\jre\bin\msvcr100.dll
0x6d840000 - 0x6dbd6000 	C:\Program Files (x86)\Java\jdk1.8.0_05\jre\bin\client\jvm.dll
0x71580000 - 0x71588000 	C:\Windows\SYSTEM32\WSOCK32.dll
0x74520000 - 0x74540000 	C:\Windows\SYSTEM32\WINMM.dll
0x75250000 - 0x75256000 	C:\Windows\SYSTEM32\PSAPI.DLL
0x765d0000 - 0x7661d000 	C:\Windows\SYSTEM32\WS2_32.dll
0x74500000 - 0x74520000 	C:\Windows\SYSTEM32\WINMMBASE.dll
0x76c70000 - 0x76c77000 	C:\Windows\SYSTEM32\NSI.dll
0x752e0000 - 0x7531a000 	C:\Windows\SYSTEM32\cfgmgr32.dll
0x744e0000 - 0x744ff000 	C:\Windows\SYSTEM32\DEVOBJ.dll
0x72000000 - 0x7200c000 	C:\Program Files (x86)\Java\jdk1.8.0_05\jre\bin\verify.dll
0x6f2a0000 - 0x6f2c1000 	C:\Program Files (x86)\Java\jdk1.8.0_05\jre\bin\java.dll
0x6d720000 - 0x6d733000 	C:\Program Files (x86)\Java\jdk1.8.0_05\jre\bin\zip.dll
0x75320000 - 0x764c1000 	C:\Windows\SYSTEM32\SHELL32.dll
0x76b20000 - 0x76c6e000 	C:\Windows\SYSTEM32\combase.dll
0x77090000 - 0x770d1000 	C:\Windows\SYSTEM32\SHLWAPI.dll
0x74670000 - 0x746e7000 	C:\Windows\SYSTEM32\SHCORE.dll
0x73dc0000 - 0x73dce000 	C:\Windows\SYSTEM32\profapi.dll
0x6d5b0000 - 0x6d6f5000 	C:\Program Files (x86)\Java\jdk1.8.0_05\jre\bin\awt.dll
0x76d40000 - 0x76dc7000 	C:\Windows\SYSTEM32\OLEAUT32.dll
0x71620000 - 0x716fc000 	C:\Windows\system32\uxtheme.dll
0x71240000 - 0x71259000 	C:\Windows\system32\dwmapi.dll
0x772d0000 - 0x773db000 	C:\Windows\SYSTEM32\ole32.dll
0x74b10000 - 0x74b19000 	C:\Windows\SYSTEM32\kernel.appcore.dll
0x6d570000 - 0x6d5a9000 	C:\Program Files (x86)\Java\jdk1.8.0_05\jre\bin\fontmanager.dll
0x6d700000 - 0x6d714000 	C:\Program Files (x86)\Java\jdk1.8.0_05\jre\bin\net.dll
0x72f70000 - 0x72fb5000 	C:\Windows\system32\mswsock.dll
0x6f460000 - 0x6f46f000 	C:\Program Files (x86)\Java\jdk1.8.0_05\jre\bin\nio.dll
0x6d540000 - 0x6d570000 	C:\Program Files (x86)\Java\jdk1.8.0_05\jre\bin\t2k.dll
0x6f150000 - 0x6f174000 	C:\Program Files (x86)\Java\jdk1.8.0_05\jre\bin\dcpr.dll
0x69ed0000 - 0x69f8e000 	C:\Users\fathi jemli\AppData\Local\Temp\javacpp787771070501404\msvcr100.dll
0x6cd00000 - 0x6cd69000 	C:\Users\fathi jemli\AppData\Local\Temp\javacpp787771070501404\msvcp100.dll
0x76550000 - 0x765cd000 	C:\Windows\SYSTEM32\clbcatq.dll
0x6ef30000 - 0x6f07d000 	C:\Windows\SYSTEM32\WindowsCodecs.dll
0x736d0000 - 0x736e8000 	C:\Windows\SYSTEM32\CRYPTSP.dll
0x736a0000 - 0x736cf000 	C:\Windows\system32\rsaenh.dll
0x73680000 - 0x7369d000 	C:\Windows\SYSTEM32\bcrypt.dll
0x170a0000 - 0x17fd6000 	C:\Users\fathi jemli\AppData\Local\Temp\javacpp787771070501404\opencv_ffmpeg248.dll
0x69cc0000 - 0x69ec6000 	C:\Users\fathi jemli\AppData\Local\Temp\javacpp787771070501404\opencv_core248.dll
0x68be0000 - 0x68e4b000 	C:\Users\fathi jemli\AppData\Local\Temp\javacpp787771070501404\opencv_imgproc248.dll
0x689d0000 - 0x68bd7000 	C:\Users\fathi jemli\AppData\Local\Temp\javacpp787771070501404\opencv_highgui248.dll
0x6d270000 - 0x6d289000 	C:\Windows\SYSTEM32\AVIFIL32.dll
0x70690000 - 0x706b2000 	C:\Windows\SYSTEM32\MSVFW32.dll
0x70670000 - 0x70684000 	C:\Windows\SYSTEM32\AVICAP32.dll
0x6fb60000 - 0x6fb75000 	C:\Windows\SYSTEM32\MSACM32.dll
0x74a00000 - 0x74a08000 	C:\Windows\SYSTEM32\VERSION.dll
0x6f100000 - 0x6f10f000 	C:\Users\fathi jemli\AppData\Local\Temp\javacpp787771070501404\jniopencv_highgui.dll
0x6b6c0000 - 0x6b6d3000 	C:\Windows\SYSTEM32\devenum.dll
0x76dd0000 - 0x76f7c000 	C:\Windows\SYSTEM32\setupapi.dll
0x70ab0000 - 0x70ad5000 	C:\Windows\SYSTEM32\ntmarta.dll
0x74fd0000 - 0x75009000 	C:\Windows\SYSTEM32\WINTRUST.dll
0x76770000 - 0x768ef000 	C:\Windows\SYSTEM32\CRYPT32.dll
0x77140000 - 0x7714e000 	C:\Windows\SYSTEM32\MSASN1.dll
0x6b6b0000 - 0x6b6bb000 	C:\Windows\SYSTEM32\msdmo.dll
0x6cb00000 - 0x6cb31000 	C:\Windows\SYSTEM32\qcap.dll
0x704f0000 - 0x7066b000 	C:\Windows\SYSTEM32\quartz.dll
0x69460000 - 0x69496000 	C:\Windows\SYSTEM32\ksproxy.ax
0x6fc40000 - 0x6fc47000 	C:\Windows\SYSTEM32\ksuser.dll
0x71270000 - 0x71428000 	C:\Windows\SYSTEM32\d3d9.dll
0x6b6a0000 - 0x6b6aa000 	C:\Windows\SYSTEM32\vidcap.ax
0x69440000 - 0x6945d000 	C:\Windows\SYSTEM32\kswdmcap.ax
0x69330000 - 0x69434000 	C:\Windows\SYSTEM32\MFC42.dll
0x69290000 - 0x6932f000 	C:\Windows\SYSTEM32\ODBC32.dll
0x69c40000 - 0x69cbb000 	C:\Windows\SYSTEM32\qedit.dll
0x77150000 - 0x771d7000 	C:\Windows\SYSTEM32\COMDLG32.dll
0x76620000 - 0x7676d000 	C:\Windows\WinSxS\x86_microsoft.windows.gdiplus_6595b64144ccf1df_1.1.9600.16384_none_dadf89385bc5c7d7\gdiplus.dll
0x70bb0000 - 0x70c97000 	C:\Windows\SYSTEM32\DDRAW.dll
0x70cb0000 - 0x70cb7000 	C:\Windows\SYSTEM32\DCIMAN32.dll
0x68270000 - 0x6834a000 	C:\Windows\SYSTEM32\D3DIM700.DLL
0x68350000 - 0x68743000 	C:\Program Files (x86)\FreeTime\FormatFactory\FFModules\Filters\ffdshow\ffdshow.ax
0x6c0b0000 - 0x6c0d3000 	C:\Windows\SYSTEM32\DINPUT.dll
0x18a30000 - 0x18b2b000 	C:\Program Files (x86)\FreeTime\FormatFactory\FFModules\AviSynthPlugins\vsfilter.dll
0x737c0000 - 0x7381e000 	C:\Windows\SYSTEM32\WINSPOOL.DRV
0x73dd0000 - 0x73f93000 	C:\Windows\SYSTEM32\WININET.dll
0x73ba0000 - 0x73db5000 	C:\Windows\SYSTEM32\iertutil.dll
0x18c90000 - 0x18eec000 	C:\Program Files (x86)\Common Files\Nero\DSFilter\NeVideo.ax
0x68750000 - 0x687d7000 	C:\Windows\WinSxS\x86_microsoft.vc80.crt_1fc8b3b9a1e18e3b_8.0.50727.8428_none_d08a11e2442dc25d\MSVCP80.dll
0x687e0000 - 0x6887b000 	C:\Windows\WinSxS\x86_microsoft.vc80.crt_1fc8b3b9a1e18e3b_8.0.50727.8428_none_d08a11e2442dc25d\MSVCR80.dll
0x18ef0000 - 0x192d6000 	C:\Program Files (x86)\Common Files\Nero\Lib\AdvrCntr3.dll
0x73470000 - 0x73482000 	C:\Windows\SYSTEM32\NETAPI32.dll
0x73040000 - 0x7304a000 	C:\Windows\SYSTEM32\netutils.dll
0x73020000 - 0x7303b000 	C:\Windows\SYSTEM32\srvcli.dll
0x73010000 - 0x73020000 	C:\Windows\SYSTEM32\wkscli.dll
0x72f20000 - 0x72f32000 	C:\Windows\SYSTEM32\SAMCLI.DLL
0x69be0000 - 0x69c3a000 	C:\Windows\SYSTEM32\Faultrep.dll
0x6d4f0000 - 0x6d4fa000 	C:\Windows\SYSTEM32\msyuv.dll
0x69060000 - 0x690d5000 	C:\Users\fathi jemli\AppData\Local\Temp\javacpp787771070501404\jniopencv_core.dll
0x6d1b0000 - 0x6d1ba000 	C:\Program Files (x86)\Java\jdk1.8.0_05\jre\bin\jsound.dll
0x6d120000 - 0x6d129000 	C:\Program Files (x86)\Java\jdk1.8.0_05\jre\bin\jsoundds.dll
0x6f3d0000 - 0x6f449000 	C:\Windows\SYSTEM32\DSOUND.dll
0x6fb90000 - 0x6fbce000 	C:\Windows\SYSTEM32\POWRPROF.dll
0x6fc90000 - 0x6fcd8000 	C:\Windows\SYSTEM32\MMDevAPI.DLL
0x6fc50000 - 0x6fc84000 	C:\Windows\SYSTEM32\wdmaud.drv
0x6fc30000 - 0x6fc39000 	C:\Windows\SYSTEM32\AVRT.dll
0x6fbd0000 - 0x6fc24000 	C:\Windows\SYSTEM32\AUDIOSES.DLL
0x6fb80000 - 0x6fb89000 	C:\Windows\SYSTEM32\msacm32.drv
0x6fb50000 - 0x6fb58000 	C:\Windows\SYSTEM32\midimap.dll
0x74ca0000 - 0x74de8000 	C:\Windows\SYSTEM32\dbghelp.dll

VM Arguments:
jvm_args: -Dfile.encoding=UTF-8 
java_command: com.issatso.multimediatools.gui.Main
java_class_path (initial): D:\Ingenieur\java\lib\javacv;D:\Ingenieur\java\lib\javacv\ffmpeg-2.1.1-windows-x86.jar;D:\Ingenieur\java\lib\javacv\ffmpeg-2.1.1-windows-x86_64.jar;D:\Ingenieur\java\lib\javacv\javacpp.jar;D:\Ingenieur\java\lib\javacv\javacv-android-arm.jar;D:\Ingenieur\java\lib\javacv\javacv-linux-x86.jar;D:\Ingenieur\java\lib\javacv\javacv-linux-x86_64.jar;D:\Ingenieur\java\lib\javacv\javacv-macosx-x86_64.jar;D:\Ingenieur\java\lib\javacv\javacv-windows-x86.jar;D:\Ingenieur\java\lib\javacv\javacv-windows-x86_64.jar;D:\Ingenieur\java\lib\javacv\javacv.jar;D:\Ingenieur\java\lib\javacv\opencv-2.4.8-windows-x86.jar;D:\Ingenieur\java\lib\javacv\opencv-2.4.8-windows-x86_64.jar;D:\Ingenieur\java\Mr Chihaoui\ISSAT1ING\Projects & Ressources\lib\quaqua1.jar;C:\Users\fathi jemli\Downloads\Compressed\lti-civil-no-swt-20070920-1721.jar;C:\Users\fathi jemli\Documents\JavaWorkspaceMessenger\SomeTraining\lib\cmu_time_awb.jar;C:\Users\fathi jemli\Documents\JavaWorkspaceMessenger\SomeTraining\lib\cmu_us_kal.jar;C:\Users\fathi jemli\Documents\JavaWorkspaceMessenger\SomeTraining\lib\cmudict04.jar;C:\Users\fathi jemli\Documents\JavaWorkspaceMessenger\SomeTraining\lib\cmulex.jar;C:\Users\fathi jemli\Documents\JavaWorkspaceMessenger\SomeTraining\lib\cmutimelex.jar;C:\Users\fathi jemli\Documents\JavaWorkspaceMessenger\SomeTraining\lib\en_us.jar;C:\Users\fathi jemli\Documents\JavaWorkspaceMessenger\SomeTraining\lib\freetts-jsapi10.jar;C:\Users\fathi jemli\Documents\JavaWorkspaceMessenger\SomeTraining\lib\freetts.jar;C:\Users\fathi jemli\Documents\JavaWorkspaceMessenger\SomeTraining\lib\liquidlnf.jar;C:\Users\fathi jemli\Documents\JavaWorkspaceMessenger\SomeTraining\lib\mbrola.jar;D:\Ingenieur\java\lib\mbrola\freetts-1.2.2-bin\freetts-1.2\lib\cmu_time_awb.jar;D:\Ingenieur\java\lib\mbrola\freetts-1.2.2-bin\freetts-1.2\lib\cmu_us_kal.jar;D:\Ingenieur\java\lib\mbrola\freetts-1.2.2-bin\freetts-1.2\lib\cmudict04.jar;D:\Ingenieur\java\lib\mbrola\freetts-1.2.2-bin\freetts-1.2\lib\cmule
Launcher Type: SUN_STANDARD

Environment Variables:
PATH=C:\oraclexe\app\oracle\product\11.2.0\server\bin;c:\Program Files (x86)\AMD APP\bin\x86_64;c:\Program Files (x86)\AMD APP\bin\x86;C:\Windows\system32;C:\Windows;C:\Windows\System32\Wbem;C:\Windows\System32\WindowsPowerShell\v1.0\;C:\Program Files\Microsoft SQL Server\110\Tools\Binn\;C:\Program Files (x86)\MySQL\MySQL Utilities 1.3.5\;c:\Program Files (x86)\ATI Technologies\ATI.ACE\Core-Static;C:\opencv\build\x86\vc10\bin;C:\wamp\bin\php\php5.5.12;C:\Program Files (x86)\Git\cmd;C:\Program Files\nodejs\;C:\Program Files\cURL\bin;C:\Program Files\Bandizip\7z;C:\Users\fathi jemli\AppData\Roaming\npm;C:\curl
USERNAME=fathi jemli
OS=Windows_NT
PROCESSOR_IDENTIFIER=Intel64 Family 6 Model 42 Stepping 7, GenuineIntel



---------------  S Y S T E M  ---------------

OS: Windows 8.1 , 64 bit Build 9600 

CPU:total 4 (2 cores per cpu, 2 threads per core) family 6 model 42 stepping 7, cmov, cx8, fxsr, mmx, sse, sse2, sse3, ssse3, sse4.1, sse4.2, popcnt, avx, clmul, ht, tsc, tscinvbit

Memory: 4k page, physical 6238060k(2935132k free), swap 13967764k(9598916k free)

vm_info: Java HotSpot(TM) Client VM (25.5-b02) for windows-x86 JRE (1.8.0_05-b13), built on Mar 18 2014 01:14:47 by "java_re" with MS VC++ 10.0 (VS2010)

time: Sun Apr 19 22:34:01 2015
elapsed time: 107 seconds

